<?xml version="1.0" encoding="UTF-8"?>
<!-- Generated by org.testng.reporters.JUnitXMLReporter -->
<testsuite ignored="17" hostname="DESKTOP-IASR4KE" failures="1" tests="5" name="Test1" time="66.152" errors="0" timestamp="2022-02-24T11:48:50 ICT">
  <testcase classname="tests.LoginTest" name="loginWithBlankField" time="0.789"/>
  <testcase classname="tests.LoginTest" name="loginByAdmin" time="11.231">
    <failure type="org.awaitility.core.ConditionTimeoutException" message="Condition with tests.LoginTest was not fulfilled within 10 seconds.">
      <![CDATA[org.awaitility.core.ConditionTimeoutException: Condition with tests.LoginTest was not fulfilled within 10 seconds.
at org.awaitility.core.ConditionAwaiter.await(ConditionAwaiter.java:165)
at org.awaitility.core.CallableCondition.await(CallableCondition.java:78)
at org.awaitility.core.CallableCondition.await(CallableCondition.java:26)
at org.awaitility.core.ConditionFactory.until(ConditionFactory.java:895)
at org.awaitility.core.ConditionFactory.until(ConditionFactory.java:864)
at tests.LoginTest.loginByAdmin(LoginTest.java:40)
at java.base/java.util.ArrayList.forEach(ArrayList.java:1511)
at java.base/java.util.concurrent.FutureTask.run(FutureTask.java:264)
at java.base/java.util.concurrent.ThreadPoolExecutor.runWorker(ThreadPoolExecutor.java:1130)
at java.base/java.util.concurrent.ThreadPoolExecutor$Worker.run(ThreadPoolExecutor.java:630)
at java.base/java.lang.Thread.run(Thread.java:832)
Caused by: java.lang.NullPointerException: Cannot invoke "org.openqa.selenium.WebDriver.getCurrentUrl()" because the return value of "tests.LoginTest.getDriver()" is null
at tests.LoginTest.lambda$0(LoginTest.java:40)
at org.awaitility.core.CallableCondition$ConditionEvaluationWrapper.eval(CallableCondition.java:99)
at org.awaitility.core.ConditionAwaiter$ConditionPoller.call(ConditionAwaiter.java:222)
at org.awaitility.core.ConditionAwaiter$ConditionPoller.call(ConditionAwaiter.java:209)
... 4 more
... Removed 18 stack frames]]>
    </failure>
  </testcase> <!-- loginByAdmin -->
  <testcase classname="tests.InvM_InvoiceListTest" name="clickInvoiceManagement" time="0.087"/>
  <testcase classname="tests.InvM_InvoiceListTest" name="suahoadon" time="45.912"/>
  <testcase classname="tests.InvM_InvoiceListTest" name="xoahoadon" time="3.819"/>
  <testcase classname="tests.InvM_InvoiceListTest" name="laphoadonFail1" time="0.0">
    <ignored/>
  </testcase> <!-- laphoadonFail1 -->
  <testcase classname="tests.InvM_InvoiceListTest" name="laphoadonthue0" time="0.0">
    <ignored/>
  </testcase> <!-- laphoadonthue0 -->
  <testcase classname="tests.InvM_InvoiceListTest" name="laphoadonthue5" time="0.0">
    <ignored/>
  </testcase> <!-- laphoadonthue5 -->
  <testcase classname="tests.InvM_InvoiceListTest" name="laphoadon1dongSuccess" time="0.0">
    <ignored/>
  </testcase> <!-- laphoadon1dongSuccess -->
  <testcase classname="tests.BaseTest" name="@BeforeTest setUp" time="0.0">
    <ignored/>
  </testcase> <!-- @BeforeTest setUp -->
  <testcase classname="tests.InvM_InvoiceListTest" name="laphdcotatcahinhthuc" time="0.0">
    <ignored/>
  </testcase> <!-- laphdcotatcahinhthuc -->
  <testcase classname="tests.InvM_InvoiceListTest" name="laphoadoncoghichu" time="0.0">
    <ignored/>
  </testcase> <!-- laphoadoncoghichu -->
  <testcase classname="tests.InvM_InvoiceListTest" name="laphoadoncokhuyenmai" time="0.0">
    <ignored/>
  </testcase> <!-- laphoadoncokhuyenmai -->
  <testcase classname="tests.InvM_InvoiceListTest" name="laphoadonFail2" time="0.0">
    <ignored/>
  </testcase> <!-- laphoadonFail2 -->
  <testcase classname="tests.InvM_InvoiceListTest" name="laphoadonFail3" time="0.0">
    <ignored/>
  </testcase> <!-- laphoadonFail3 -->
  <testcase classname="tests.InvM_InvoiceListTest" name="laphoadonFail4" time="0.0">
    <ignored/>
  </testcase> <!-- laphoadonFail4 -->
  <testcase classname="tests.InvM_InvoiceListTest" name="laphoadonkhongchiuthue" time="0.0">
    <ignored/>
  </testcase> <!-- laphoadonkhongchiuthue -->
  <testcase classname="tests.InvM_InvoiceListTest" name="laphoadonFail5" time="0.0">
    <ignored/>
  </testcase> <!-- laphoadonFail5 -->
  <testcase classname="tests.InvM_InvoiceListTest" name="laphoadonnhieudongSuccess" time="0.0">
    <ignored/>
  </testcase> <!-- laphoadonnhieudongSuccess -->
  <testcase classname="tests.InvM_InvoiceListTest" name="laphoadoncochietkhau" time="0.0">
    <ignored/>
  </testcase> <!-- laphoadoncochietkhau -->
  <testcase classname="tests.BaseTest" name="@AfterTest tearDown" time="0.0">
    <ignored/>
  </testcase> <!-- @AfterTest tearDown -->
  <testcase classname="tests.InvM_InvoiceListTest" name="laphoadonthue10" time="0.0">
    <ignored/>
  </testcase> <!-- laphoadonthue10 -->
</testsuite> <!-- Test1 -->
